2025-10-20 21:56:39 info: Congratulations, your extension "Embold" is now active!
2025-10-20 21:56:39 info: ************* init ****************
2025-10-20 21:56:39 info: tempDirectory : /home/kl/.vscode/extensions/embold-vscode.embold-0.3.1/temp
2025-10-20 21:56:44 info: Extraction complete for source: /home/kl/.vscode/extensions/embold-vscode.embold-0.3.1/resources/embold-scanner-archive.zip, destination: /home/kl/.vscode/extensions/embold-vscode.embold-0.3.1/temp
2025-10-20 21:56:44 info: Extension installed on machine OS : linux
2025-10-20 21:56:44 info: Fetched the issues from DB
2025-10-20 21:56:44 info: Java version installed on machine : 
openjdk version "25.0.1" 2025-09-16
OpenJDK Runtime Environment (build 25.0.1)
OpenJDK 64-Bit Server VM (build 25.0.1, mixed mode, sharing)

2025-10-20 21:56:44 info: Java installed on machine.
2025-10-20 21:56:44 info: Embold extension version response:{"hasSupport":false,"version":"0.2.1","changeNotes":"<div> <p>Release Date: 30 Apr, 2025 <br><span>Bug fixes and improvements.</span></p> </div>"}
2025-10-20 21:56:44 info: Current installed embold extension version : 0.3.1
2025-10-20 21:56:44 info: Latest embold extension version on marketplace : 0.2.1
2025-10-20 21:56:44 info: Current extension version: 0.3.1
2025-10-20 21:56:44 info: Stored extension version: 
2025-10-20 21:56:44 info: New installation or upgrade detected. Tracking plugin activation.
2025-10-20 21:56:44 error: Error executing command: cat /sys/class/dmi/id/product_uuid Command failed: cat /sys/class/dmi/id/product_uuid
cat: /sys/class/dmi/id/product_uuid: Permission denied

2025-10-20 21:56:44 warn: Unable to fetch hardware UUID on Linux. Falling back to persistent UUID.
2025-10-20 21:56:44 info: Generated and stored a new persistent UUID:
2025-10-20 21:56:44 info: Plugin activation activity tracked successfully.
2025-10-20 21:56:44 info: Stored version updated to the current version.
2025-10-20 21:56:45 info: ******************* Activity tracked successfully: Activity tracked successfully
2025-10-20 21:58:53 info: Row(s) deleted
2025-10-20 22:28:06 info: Row(s) deleted
2025-10-20 22:28:06 info: Row(s) deleted
2025-10-20 22:28:06 info: Row(s) deleted
2025-10-20 22:37:56 info: Row(s) deleted
2025-10-21 12:37:58 info: Congratulations, your extension "Embold" is now active!
2025-10-21 12:37:58 info: ************* init ****************
2025-10-21 12:37:58 info: tempDirectory : /home/kl/.vscode/extensions/embold-vscode.embold-0.3.1/temp
2025-10-21 12:38:01 info: Row(s) deleted
2025-10-21 12:38:01 info: Row(s) deleted
2025-10-21 12:38:03 info: Extraction complete for source: /home/kl/.vscode/extensions/embold-vscode.embold-0.3.1/resources/embold-scanner-archive.zip, destination: /home/kl/.vscode/extensions/embold-vscode.embold-0.3.1/temp
2025-10-21 12:38:03 info: Extension installed on machine OS : linux
2025-10-21 12:38:03 info: Fetched the issues from DB
2025-10-21 12:38:03 info: Java version installed on machine : 
openjdk version "25.0.1" 2025-09-16
OpenJDK Runtime Environment (build 25.0.1)
OpenJDK 64-Bit Server VM (build 25.0.1, mixed mode, sharing)

2025-10-21 12:38:03 info: Java installed on machine.
2025-10-21 12:38:04 info: Embold extension version response:{"hasSupport":false,"version":"0.2.1","changeNotes":"<div> <p>Release Date: 30 Apr, 2025 <br><span>Bug fixes and improvements.</span></p> </div>"}
2025-10-21 12:38:04 info: Current installed embold extension version : 0.3.1
2025-10-21 12:38:04 info: Latest embold extension version on marketplace : 0.2.1
2025-10-21 12:38:04 info: Current extension version: 0.3.1
2025-10-21 12:38:04 info: Stored extension version: 0.3.1
2025-10-21 12:38:04 info: No new installation or upgrade detected. Skipping plugin activation tracking.
2025-10-21 12:40:11 info: Row(s) deleted
2025-10-21 12:40:11 info: Row(s) deleted
2025-10-21 12:40:11 info: Row(s) deleted
2025-10-21 12:40:11 info: Row(s) deleted
2025-10-21 12:40:11 info: Row(s) deleted
2025-10-21 12:40:11 info: Row(s) deleted
2025-10-21 12:40:11 info: Row(s) deleted
2025-10-21 12:40:11 info: Row(s) deleted
2025-10-21 12:40:11 info: Row(s) deleted
2025-10-21 12:40:11 info: Row(s) deleted
2025-10-21 12:40:11 info: Row(s) deleted
2025-10-21 12:40:11 info: Row(s) deleted
2025-10-21 12:40:11 info: Row(s) deleted
2025-10-21 12:40:11 info: Row(s) deleted
2025-10-21 12:40:11 info: Row(s) deleted
2025-10-21 12:40:11 info: Row(s) deleted
2025-10-21 12:40:11 info: Row(s) deleted
2025-10-21 12:40:11 info: Row(s) deleted
2025-10-21 12:40:11 info: Row(s) deleted
2025-10-21 12:40:11 info: Row(s) deleted
2025-10-21 12:40:11 info: Row(s) deleted
2025-10-21 12:40:11 info: Row(s) deleted
2025-10-21 12:40:11 info: Row(s) deleted
2025-10-21 12:40:11 info: Row(s) deleted
2025-10-21 12:40:11 info: Row(s) deleted
2025-10-21 12:40:11 info: Row(s) deleted
2025-10-21 12:40:11 info: Row(s) deleted
2025-10-21 12:40:11 info: Row(s) deleted
2025-10-21 12:40:11 info: Row(s) deleted
2025-10-21 12:40:11 info: Row(s) deleted
2025-10-21 12:40:11 info: Row(s) deleted
2025-10-21 12:40:11 info: Row(s) deleted
2025-10-21 12:40:11 info: Row(s) deleted
2025-10-21 12:40:11 info: Row(s) deleted
2025-10-21 12:40:11 info: Row(s) deleted
